<?xml version="1.0" encoding="UTF-8"?>
<!-- Generated by org.testng.reporters.JUnitReportReporter -->
<testsuite hostname="DESKTOP-QJ47TNF" failures="0" tests="1" name="ecommerece.Amazon" time="32.119" errors="0" timestamp="2024-10-18T10:51:22 IST" skipped="0">
  <testcase classname="ecommerece.Amazon" name="shopping" time="32.119"/>
  <system-out/>
</testsuite> <!-- ecommerece.Amazon -->
